[0m21:01:31.549522 [debug] [MainThread]: Sending event: {'category': 'dbt', 'action': 'invocation', 'label': 'start', 'context': [<snowplow_tracker.self_describing_json.SelfDescribingJson object at 0x7081d5994880>, <snowplow_tracker.self_describing_json.SelfDescribingJson object at 0x7081d3f11990>, <snowplow_tracker.self_describing_json.SelfDescribingJson object at 0x7081d3f11930>]}


============================== 21:01:31.552011 | 12a438e1-acd5-4c90-979a-e63f6c7a091d ==============================
[0m21:01:31.552011 [info ] [MainThread]: Running with dbt=1.8.3
[0m21:01:31.552554 [debug] [MainThread]: running dbt with arguments {'printer_width': '80', 'indirect_selection': 'eager', 'write_json': 'True', 'log_cache_events': 'False', 'partial_parse': 'True', 'cache_selected_only': 'False', 'warn_error': 'None', 'version_check': 'True', 'fail_fast': 'False', 'log_path': 'logs', 'debug': 'False', 'profiles_dir': '/home/lucyos/.dbt', 'use_colors': 'True', 'use_experimental_parser': 'False', 'no_print': 'None', 'quiet': 'False', 'empty': 'None', 'warn_error_options': 'WarnErrorOptions(include=[], exclude=[])', 'static_parser': 'True', 'invocation_command': 'dbt init dbt_estudo', 'introspect': 'True', 'target_path': 'None', 'log_format': 'default', 'send_anonymous_usage_stats': 'True'}
[0m21:01:31.562419 [debug] [MainThread]: Starter project path: /home/lucyos/.local/lib/python3.10/site-packages/dbt/include/starter_project
[0m21:01:31.566142 [info ] [MainThread]: 
Your new dbt project "dbt_estudo" was created!

For more information on how to configure the profiles.yml file,
please consult the dbt documentation here:

  https://docs.getdbt.com/docs/configure-your-profile

One more thing:

Need help? Don't hesitate to reach out to us via GitHub issues or on Slack:

  https://community.getdbt.com/

Happy modeling!

[0m21:01:31.566593 [info ] [MainThread]: Setting up your profile.
[0m21:03:44.248322 [info ] [MainThread]: Profile dbt_estudo written to /home/lucyos/.dbt/profiles.yml using target's profile_template.yml and your supplied values. Run 'dbt debug' to validate the connection.
[0m21:03:44.286384 [debug] [MainThread]: Resource report: {"command_name": "init", "command_success": true, "command_wall_clock_time": 132.79684, "process_user_time": 1.856909, "process_kernel_time": 0.622969, "process_mem_max_rss": "108852", "process_in_blocks": "66280", "process_out_blocks": "80"}
[0m21:03:44.288507 [debug] [MainThread]: Command `dbt init` succeeded at 21:03:44.288152 after 132.80 seconds
[0m21:03:44.290539 [debug] [MainThread]: Sending event: {'category': 'dbt', 'action': 'invocation', 'label': 'end', 'context': [<snowplow_tracker.self_describing_json.SelfDescribingJson object at 0x7081d5994880>, <snowplow_tracker.self_describing_json.SelfDescribingJson object at 0x7081d3e21840>, <snowplow_tracker.self_describing_json.SelfDescribingJson object at 0x7081d3f11d20>]}
[0m21:03:44.292473 [debug] [MainThread]: Flushing usage events
